<?xml version="1.0" encoding="UTF-8"?>
<testng-results ignored="0" total="2" passed="2" failed="0" skipped="0">
  <reporter-output>
  </reporter-output>
  <suite started-at="2025-05-07T17:51:52 SGT" name="Suite" finished-at="2025-05-07T17:52:05 SGT" duration-ms="12907">
    <groups>
    </groups>
    <test started-at="2025-05-07T17:51:52 SGT" name="Test" finished-at="2025-05-07T17:52:05 SGT" duration-ms="12907">
      <class name="com.amazontests.HomeTest">
        <test-method is-config="true" signature="startapp()[pri:0, instance:com.amazontests.HomeTest@77f80c04]" started-at="2025-05-07T17:51:53 SGT" name="startapp" finished-at="2025-05-07T17:51:57 SGT" duration-ms="4333" status="PASS">
          <reporter-output>
          </reporter-output>
        </test-method> <!-- startapp -->
        <test-method signature="hometest()[pri:0, instance:com.amazontests.HomeTest@77f80c04]" started-at="2025-05-07T17:52:00 SGT" name="hometest" finished-at="2025-05-07T17:52:01 SGT" duration-ms="209" status="PASS">
          <reporter-output>
          </reporter-output>
        </test-method> <!-- hometest -->
        <test-method is-config="true" signature="closeapp()[pri:0, instance:com.amazontests.HomeTest@77f80c04]" started-at="2025-05-07T17:52:05 SGT" name="closeapp" finished-at="2025-05-07T17:52:05 SGT" duration-ms="246" status="PASS">
          <reporter-output>
          </reporter-output>
        </test-method> <!-- closeapp -->
      </class> <!-- com.amazontests.HomeTest -->
      <class name="com.amazontests.SigninTest">
        <test-method is-config="true" signature="startapp()[pri:0, instance:com.amazontests.SigninTest@63070bab]" started-at="2025-05-07T17:51:57 SGT" name="startapp" finished-at="2025-05-07T17:52:00 SGT" duration-ms="3019" status="PASS">
          <reporter-output>
          </reporter-output>
        </test-method> <!-- startapp -->
        <test-method signature="signin()[pri:0, instance:com.amazontests.SigninTest@63070bab]" started-at="2025-05-07T17:52:01 SGT" name="signin" finished-at="2025-05-07T17:52:05 SGT" duration-ms="4254" status="PASS">
          <reporter-output>
          </reporter-output>
        </test-method> <!-- signin -->
        <test-method is-config="true" signature="closeapp()[pri:0, instance:com.amazontests.SigninTest@63070bab]" started-at="2025-05-07T17:52:05 SGT" name="closeapp" finished-at="2025-05-07T17:52:05 SGT" duration-ms="225" status="PASS">
          <reporter-output>
          </reporter-output>
        </test-method> <!-- closeapp -->
      </class> <!-- com.amazontests.SigninTest -->
    </test> <!-- Test -->
  </suite> <!-- Suite -->
</testng-results>
