<?xml version="1.0" encoding="UTF-8"?>
<testng-results ignored="0" total="1" passed="1" failed="0" skipped="0">
  <reporter-output>
  </reporter-output>
  <suite started-at="2025-05-03T09:36:19 SGT" name="Suite" finished-at="2025-05-03T09:36:26 SGT" duration-ms="7916">
    <groups>
    </groups>
    <test started-at="2025-05-03T09:36:19 SGT" name="Test" finished-at="2025-05-03T09:36:26 SGT" duration-ms="7916">
      <class name="com.amazontests.HomeTest">
        <test-method is-config="true" signature="startapp()[pri:0, instance:com.amazontests.HomeTest@367ffa75]" started-at="2025-05-03T09:36:19 SGT" name="startapp" finished-at="2025-05-03T09:36:26 SGT" duration-ms="7293" status="PASS">
          <reporter-output>
          </reporter-output>
        </test-method> <!-- startapp -->
        <test-method signature="hometest()[pri:0, instance:com.amazontests.HomeTest@367ffa75]" started-at="2025-05-03T09:36:26 SGT" name="hometest" finished-at="2025-05-03T09:36:26 SGT" duration-ms="256" status="PASS">
          <reporter-output>
          </reporter-output>
        </test-method> <!-- hometest -->
        <test-method is-config="true" signature="closeapp()[pri:0, instance:com.amazontests.HomeTest@367ffa75]" started-at="2025-05-03T09:36:26 SGT" name="closeapp" finished-at="2025-05-03T09:36:26 SGT" duration-ms="296" status="PASS">
          <reporter-output>
          </reporter-output>
        </test-method> <!-- closeapp -->
      </class> <!-- com.amazontests.HomeTest -->
    </test> <!-- Test -->
  </suite> <!-- Suite -->
</testng-results>
